2026-07-07 02:17:44,326 - INFO - Загрузка истории для всех таймфреймов...
2026-07-07 02:17:44,680 - INFO -   BTCUSDT (15m): загружено 250 свечей
2026-07-07 02:17:44,999 - INFO -   ETHUSDT (15m): загружено 250 свечей
2026-07-07 02:17:45,307 - INFO -   SOLUSDT (15m): загружено 250 свечей
2026-07-07 02:17:45,645 - INFO -   XRPUSDT (15m): загружено 250 свечей
2026-07-07 02:17:45,954 - INFO -   BTCUSDT (30m): загружено 250 свечей
2026-07-07 02:17:46,264 - INFO -   ETHUSDT (30m): загружено 250 свечей
2026-07-07 02:17:46,576 - INFO -   SOLUSDT (30m): загружено 250 свечей
2026-07-07 02:17:46,892 - INFO -   XRPUSDT (30m): загружено 250 свечей
2026-07-07 02:17:47,225 - INFO -   BTCUSDT (1h): загружено 250 свечей
2026-07-07 02:17:47,533 - INFO -   ETHUSDT (1h): загружено 250 свечей
2026-07-07 02:17:47,841 - INFO -   SOLUSDT (1h): загружено 250 свечей
2026-07-07 02:17:48,229 - INFO -   XRPUSDT (1h): загружено 250 свечей
2026-07-07 02:17:48,536 - INFO -   BTCUSDT (4h): загружено 250 свечей
2026-07-07 02:17:48,849 - INFO -   ETHUSDT (4h): загружено 250 свечей
2026-07-07 02:17:49,163 - INFO -   SOLUSDT (4h): загружено 250 свечей
2026-07-07 02:17:49,474 - INFO -   XRPUSDT (4h): загружено 250 свечей
2026-07-07 02:17:49,786 - INFO -   BTCUSDT (1d): загружено 250 свечей
2026-07-07 02:17:50,123 - INFO -   ETHUSDT (1d): загружено 250 свечей
2026-07-07 02:17:50,430 - INFO -   SOLUSDT (1d): загружено 250 свечей
2026-07-07 02:17:50,764 - INFO -   XRPUSDT (1d): загружено 250 свечей
2026-07-07 02:17:51,068 - INFO -   BTCUSDT (1w): загружено 250 свечей
2026-07-07 02:17:51,403 - INFO -   ETHUSDT (1w): загружено 250 свечей
2026-07-07 02:17:51,736 - INFO -   SOLUSDT (1w): загружено 248 свечей
2026-07-07 02:17:52,046 - INFO -   XRPUSDT (1w): загружено 250 свечей
2026-07-07 02:17:52,046 - INFO - Адаптивный трейдер запущен (пересчёт параметров раз в сутки).
2026-07-07 02:17:59,755 - INFO - Запуск адаптации параметров...
2026-07-07 02:17:59,763 - INFO - Недостаточно данных для адаптации, пропускаем
2026-07-07 02:19:01,883 - WARNING - Лимитный ордер Buy ETHUSDT отменён по таймауту
2026-07-07 02:19:01,883 - ERROR - Не удалось открыть позицию ETHUSDT
2026-07-07 02:25:10,722 - INFO - Загрузка истории для всех таймфреймов...
2026-07-07 02:25:18,323 - INFO -   BTCUSDT (15m): загружено 250 свечей
2026-07-07 02:25:18,636 - INFO -   ETHUSDT (15m): загружено 250 свечей
2026-07-07 02:25:18,989 - INFO -   SOLUSDT (15m): загружено 250 свечей
2026-07-07 02:25:19,470 - INFO -   XRPUSDT (15m): загружено 250 свечей
2026-07-07 02:25:19,789 - INFO -   BTCUSDT (30m): загружено 250 свечей
2026-07-07 02:25:20,103 - INFO -   ETHUSDT (30m): загружено 250 свечей
2026-07-07 02:25:20,420 - INFO -   SOLUSDT (30m): загружено 250 свечей
2026-07-07 02:25:20,732 - INFO -   XRPUSDT (30m): загружено 250 свечей
2026-07-07 02:25:21,040 - INFO -   BTCUSDT (1h): загружено 250 свечей
2026-07-07 02:25:21,375 - INFO -   ETHUSDT (1h): загружено 250 свечей
2026-07-07 02:25:21,710 - INFO -   SOLUSDT (1h): загружено 250 свечей
2026-07-07 02:25:22,031 - INFO -   XRPUSDT (1h): загружено 250 свечей
2026-07-07 02:25:22,342 - INFO -   BTCUSDT (4h): загружено 250 свечей
2026-07-07 02:25:22,672 - INFO -   ETHUSDT (4h): загружено 250 свечей
2026-07-07 02:25:22,988 - INFO -   SOLUSDT (4h): загружено 250 свечей
2026-07-07 02:25:23,327 - INFO -   XRPUSDT (4h): загружено 250 свечей
2026-07-07 02:25:23,671 - INFO -   BTCUSDT (1d): загружено 250 свечей
2026-07-07 02:25:23,988 - INFO -   ETHUSDT (1d): загружено 250 свечей
2026-07-07 02:25:24,299 - INFO -   SOLUSDT (1d): загружено 250 свечей
2026-07-07 02:25:24,625 - INFO -   XRPUSDT (1d): загружено 250 свечей
2026-07-07 02:25:24,938 - INFO -   BTCUSDT (1w): загружено 250 свечей
2026-07-07 02:25:25,249 - INFO -   ETHUSDT (1w): загружено 250 свечей
2026-07-07 02:25:25,580 - INFO -   SOLUSDT (1w): загружено 248 свечей
2026-07-07 02:25:25,912 - INFO -   XRPUSDT (1w): загружено 250 свечей
2026-07-07 02:25:25,912 - INFO - Адаптивный трейдер запущен (пересчёт параметров раз в сутки).
2026-07-07 02:25:33,671 - INFO - Запуск адаптации параметров...
2026-07-07 02:25:33,674 - INFO - Недостаточно данных для адаптации, пропускаем
2026-07-07 02:25:35,053 - INFO - Попытка открыть Buy SOLUSDT лимит по 81.86 (текущая 81.98, qty=5382.2)
2026-07-07 02:25:35,053 - INFO - Отправка лимитного ордера Buy SOLUSDT qty=5382.2 price=81.86, timeout=60с
2026-07-07 02:26:36,949 - WARNING - Лимитный ордер Buy SOLUSDT отменён по таймауту
2026-07-07 02:26:36,949 - ERROR - Не удалось открыть позицию SOLUSDT
2026-07-07 02:31:50,340 - INFO - Попытка открыть Buy SOLUSDT лимит по 81.99 (текущая 82.11, qty=5369.6)
2026-07-07 02:31:50,340 - INFO - Отправка лимитного ордера Buy SOLUSDT qty=5369.6 price=81.99, timeout=60с
2026-07-07 02:32:20,478 - INFO - Загрузка истории для всех таймфреймов...
2026-07-07 02:32:20,994 - INFO -   BTCUSDT (15m): загружено 250 свечей
2026-07-07 02:32:21,309 - INFO -   ETHUSDT (15m): загружено 250 свечей
2026-07-07 02:32:21,618 - INFO -   SOLUSDT (15m): загружено 250 свечей
2026-07-07 02:32:21,924 - INFO -   XRPUSDT (15m): загружено 250 свечей
2026-07-07 02:32:22,267 - INFO -   BTCUSDT (30m): загружено 250 свечей
2026-07-07 02:32:22,582 - INFO -   ETHUSDT (30m): загружено 250 свечей
2026-07-07 02:32:22,893 - INFO -   SOLUSDT (30m): загружено 250 свечей
2026-07-07 02:32:23,234 - INFO -   XRPUSDT (30m): загружено 250 свечей
2026-07-07 02:32:23,545 - INFO -   BTCUSDT (1h): загружено 250 свечей
2026-07-07 02:32:23,873 - INFO -   ETHUSDT (1h): загружено 250 свечей
2026-07-07 02:32:24,209 - INFO -   SOLUSDT (1h): загружено 250 свечей
2026-07-07 02:32:24,514 - INFO -   XRPUSDT (1h): загружено 250 свечей
2026-07-07 02:32:24,836 - INFO -   BTCUSDT (4h): загружено 250 свечей
2026-07-07 02:32:25,148 - INFO -   ETHUSDT (4h): загружено 250 свечей
2026-07-07 02:32:25,456 - INFO -   SOLUSDT (4h): загружено 250 свечей
2026-07-07 02:32:25,764 - INFO -   XRPUSDT (4h): загружено 250 свечей
2026-07-07 02:32:26,073 - INFO -   BTCUSDT (1d): загружено 250 свечей
2026-07-07 02:32:26,377 - INFO -   ETHUSDT (1d): загружено 250 свечей
2026-07-07 02:32:26,691 - INFO -   SOLUSDT (1d): загружено 250 свечей
2026-07-07 02:32:27,005 - INFO -   XRPUSDT (1d): загружено 250 свечей
2026-07-07 02:32:27,308 - INFO -   BTCUSDT (1w): загружено 250 свечей
2026-07-07 02:32:27,620 - INFO -   ETHUSDT (1w): загружено 250 свечей
2026-07-07 02:32:27,929 - INFO -   SOLUSDT (1w): загружено 248 свечей
2026-07-07 02:32:28,245 - INFO -   XRPUSDT (1w): загружено 250 свечей
2026-07-07 02:32:28,245 - INFO - Адаптивный трейдер запущен (пересчёт параметров раз в сутки).
2026-07-07 02:32:35,904 - INFO - Запуск адаптации параметров...
2026-07-07 02:32:35,909 - INFO - Недостаточно данных для адаптации, пропускаем
2026-07-07 02:32:37,184 - INFO - Попытка открыть Buy SOLUSDT лимит по 81.96 (текущая 82.08, qty=5632.3)
2026-07-07 02:32:37,184 - INFO - Отправка лимитного ордера Buy SOLUSDT qty=5632.3 price=81.96, timeout=180с
2026-07-07 02:32:37,493 - ERROR - Исключение в лимитном ордере: CheckMarginRatio fail! InsufficientAB (ErrCode: 110007) (ErrTime: 23:32:37).
Request → POST https://api-demo.bybit.com/v5/order/create: {"category": "linear", "symbol": "SOLUSDT", "side": "Buy", "orderType": "Limit", "qty": "5632.3", "price": "81.96", "timeInForce": "GTC"}.
2026-07-07 02:32:37,493 - ERROR - Не удалось открыть позицию SOLUSDT
2026-07-07 02:32:59,628 - INFO - Загрузка истории для всех таймфреймов...
2026-07-07 02:32:59,952 - INFO -   BTCUSDT (15m): загружено 250 свечей
2026-07-07 02:33:00,269 - INFO -   ETHUSDT (15m): загружено 250 свечей
2026-07-07 02:33:00,581 - INFO -   SOLUSDT (15m): загружено 250 свечей
2026-07-07 02:33:00,890 - INFO -   XRPUSDT (15m): загружено 250 свечей
2026-07-07 02:33:01,214 - INFO -   BTCUSDT (30m): загружено 250 свечей
2026-07-07 02:33:01,533 - INFO -   ETHUSDT (30m): загружено 250 свечей
2026-07-07 02:33:01,869 - INFO -   SOLUSDT (30m): загружено 250 свечей
2026-07-07 02:33:02,182 - INFO -   XRPUSDT (30m): загружено 250 свечей
2026-07-07 02:33:02,491 - INFO -   BTCUSDT (1h): загружено 250 свечей
2026-07-07 02:33:02,794 - INFO -   ETHUSDT (1h): загружено 250 свечей
2026-07-07 02:33:03,124 - INFO -   SOLUSDT (1h): загружено 250 свечей
2026-07-07 02:33:03,433 - INFO -   XRPUSDT (1h): загружено 250 свечей
2026-07-07 02:33:03,745 - INFO -   BTCUSDT (4h): загружено 250 свечей
2026-07-07 02:33:04,229 - INFO -   ETHUSDT (4h): загружено 250 свечей
2026-07-07 02:33:04,565 - INFO -   SOLUSDT (4h): загружено 250 свечей
2026-07-07 02:33:04,885 - INFO -   XRPUSDT (4h): загружено 250 свечей
2026-07-07 02:33:05,194 - INFO -   BTCUSDT (1d): загружено 250 свечей
2026-07-07 02:33:05,517 - INFO -   ETHUSDT (1d): загружено 250 свечей
2026-07-07 02:33:05,835 - INFO -   SOLUSDT (1d): загружено 250 свечей
2026-07-07 02:33:06,166 - INFO -   XRPUSDT (1d): загружено 250 свечей
2026-07-07 02:33:06,482 - INFO -   BTCUSDT (1w): загружено 250 свечей
2026-07-07 02:33:06,817 - INFO -   ETHUSDT (1w): загружено 250 свечей
2026-07-07 02:33:07,159 - INFO -   SOLUSDT (1w): загружено 248 свечей
2026-07-07 02:33:07,473 - INFO -   XRPUSDT (1w): загружено 250 свечей
2026-07-07 02:33:07,473 - INFO - Адаптивный трейдер запущен (пересчёт параметров раз в сутки).
2026-07-07 02:33:15,132 - INFO - Запуск адаптации параметров...
2026-07-07 02:33:15,134 - INFO - Недостаточно данных для адаптации, пропускаем
2026-07-07 02:33:18,038 - INFO - Попытка открыть Buy SOLUSDT лимит по 82.01 (текущая 82.05, qty=5708.0)
2026-07-07 02:33:18,038 - INFO - Отправка лимитного ордера Buy SOLUSDT qty=5708.0 price=82.01, timeout=180с
2026-07-07 02:33:18,353 - ERROR - Исключение в лимитном ордере: CheckMarginRatio fail! InsufficientAB (ErrCode: 110007) (ErrTime: 23:33:18).
Request → POST https://api-demo.bybit.com/v5/order/create: {"category": "linear", "symbol": "SOLUSDT", "side": "Buy", "orderType": "Limit", "qty": "5708.0", "price": "82.01", "timeInForce": "GTC"}.
2026-07-07 02:33:18,353 - ERROR - Не удалось открыть позицию SOLUSDT
2026-07-07 02:37:19,966 - INFO - Загрузка истории для всех таймфреймов...
2026-07-07 02:37:21,496 - INFO -   BTCUSDT (15m): загружено 250 свечей
2026-07-07 02:37:21,810 - INFO -   ETHUSDT (15m): загружено 250 свечей
2026-07-07 02:37:22,143 - INFO -   SOLUSDT (15m): загружено 250 свечей
2026-07-07 02:37:22,464 - INFO -   XRPUSDT (15m): загружено 250 свечей
2026-07-07 02:37:22,770 - INFO -   BTCUSDT (30m): загружено 250 свечей
2026-07-07 02:37:23,101 - INFO -   ETHUSDT (30m): загружено 250 свечей
2026-07-07 02:37:23,424 - INFO -   SOLUSDT (30m): загружено 250 свечей
2026-07-07 02:37:23,765 - INFO -   XRPUSDT (30m): загружено 250 свечей
2026-07-07 02:37:24,081 - INFO -   BTCUSDT (1h): загружено 250 свечей
2026-07-07 02:37:24,421 - INFO -   ETHUSDT (1h): загружено 250 свечей
2026-07-07 02:37:24,783 - INFO -   SOLUSDT (1h): загружено 250 свечей
2026-07-07 02:37:25,099 - INFO -   XRPUSDT (1h): загружено 250 свечей
2026-07-07 02:37:25,596 - INFO -   BTCUSDT (4h): загружено 250 свечей
2026-07-07 02:37:25,910 - INFO -   ETHUSDT (4h): загружено 250 свечей
2026-07-07 02:37:26,235 - INFO -   SOLUSDT (4h): загружено 250 свечей
2026-07-07 02:37:26,540 - INFO -   XRPUSDT (4h): загружено 250 свечей
2026-07-07 02:37:26,855 - INFO -   BTCUSDT (1d): загружено 250 свечей
2026-07-07 02:37:27,195 - INFO -   ETHUSDT (1d): загружено 250 свечей
2026-07-07 02:37:27,505 - INFO -   SOLUSDT (1d): загружено 250 свечей
2026-07-07 02:37:27,815 - INFO -   XRPUSDT (1d): загружено 250 свечей
2026-07-07 02:37:28,157 - INFO -   BTCUSDT (1w): загружено 250 свечей
2026-07-07 02:37:28,480 - INFO -   ETHUSDT (1w): загружено 250 свечей
2026-07-07 02:37:28,791 - INFO -   SOLUSDT (1w): загружено 248 свечей
2026-07-07 02:37:29,110 - INFO -   XRPUSDT (1w): загружено 250 свечей
2026-07-07 02:37:29,111 - INFO - Адаптивный трейдер запущен (пересчёт параметров раз в сутки).
2026-07-07 02:37:36,712 - INFO - Запуск адаптации параметров...
2026-07-07 02:37:36,715 - INFO - Недостаточно данных для адаптации, пропускаем
2026-07-07 02:37:42,400 - ERROR - invalid request, please check your server timestamp or recv_window param: req_timestamp[1783381056716],server_timestamp[1783381062565],recv_window[5000] (ErrCode: 10002). Added 2.5 seconds to recv_window. Retrying...
2026-07-07 02:37:46,242 - INFO - Попытка открыть Buy ETHUSDT лимит по 1802.68 (текущая 1803.58, qty=132.08)
2026-07-07 02:37:46,242 - INFO - Отправка лимитного ордера Buy ETHUSDT qty=132.08 price=1802.68, timeout=180с
2026-07-07 02:40:01,483 - INFO - Загрузка истории для всех таймфреймов...
2026-07-07 02:40:01,815 - INFO -   BTCUSDT (15m): загружено 250 свечей
2026-07-07 02:40:02,126 - INFO -   ETHUSDT (15m): загружено 250 свечей
2026-07-07 02:40:02,439 - INFO -   SOLUSDT (15m): загружено 250 свечей
2026-07-07 02:40:02,757 - INFO -   XRPUSDT (15m): загружено 250 свечей
2026-07-07 02:40:03,067 - INFO -   BTCUSDT (30m): загружено 250 свечей
2026-07-07 02:40:03,381 - INFO -   ETHUSDT (30m): загружено 250 свечей
2026-07-07 02:40:03,694 - INFO -   SOLUSDT (30m): загружено 250 свечей
2026-07-07 02:40:04,001 - INFO -   XRPUSDT (30m): загружено 250 свечей
2026-07-07 02:40:04,328 - INFO -   BTCUSDT (1h): загружено 250 свечей
2026-07-07 02:40:04,658 - INFO -   ETHUSDT (1h): загружено 250 свечей
2026-07-07 02:40:04,973 - INFO -   SOLUSDT (1h): загружено 250 свечей
2026-07-07 02:40:05,278 - INFO -   XRPUSDT (1h): загружено 250 свечей
2026-07-07 02:40:05,612 - INFO -   BTCUSDT (4h): загружено 250 свечей
2026-07-07 02:40:06,117 - INFO -   ETHUSDT (4h): загружено 250 свечей
2026-07-07 02:40:06,453 - INFO -   SOLUSDT (4h): загружено 250 свечей
2026-07-07 02:40:06,759 - INFO -   XRPUSDT (4h): загружено 250 свечей
2026-07-07 02:40:07,068 - INFO -   BTCUSDT (1d): загружено 250 свечей
2026-07-07 02:40:07,381 - INFO -   ETHUSDT (1d): загружено 250 свечей
2026-07-07 02:40:07,698 - INFO -   SOLUSDT (1d): загружено 250 свечей
2026-07-07 02:40:08,009 - INFO -   XRPUSDT (1d): загружено 250 свечей
2026-07-07 02:40:08,343 - INFO -   BTCUSDT (1w): загружено 250 свечей
2026-07-07 02:40:08,655 - INFO -   ETHUSDT (1w): загружено 250 свечей
2026-07-07 02:40:08,974 - INFO -   SOLUSDT (1w): загружено 248 свечей
2026-07-07 02:40:09,301 - INFO -   XRPUSDT (1w): загружено 250 свечей
2026-07-07 02:40:09,301 - INFO - Адаптивный трейдер запущен (пересчёт параметров раз в сутки).
2026-07-07 02:40:16,942 - INFO - Запуск адаптации параметров...
2026-07-07 02:40:16,944 - INFO - Недостаточно данных для адаптации, пропускаем
2026-07-07 02:40:19,107 - INFO - Попытка открыть Buy SOLUSDT лимит по 81.97 (текущая 82.01, qty=1000)
2026-07-07 02:40:19,108 - INFO - Отправка лимитного ордера Buy SOLUSDT qty=1000 price=81.97, timeout=180с
2026-07-07 02:42:06,472 - INFO - Лимитный ордер Buy SOLUSDT исполнен по 81.97
2026-07-07 02:42:06,472 - INFO - ОТКРЫТИЕ: Buy SOLUSDT qty=1000 цена=81.97 (лимит)
2026-07-07 02:42:09,165 - INFO - SL/TP установлены: SL=81.41214285714287, TP=96.2457014824581
2026-07-07 02:42:09,166 - INFO - SL/TP: SL=81.41214285714287 TP=96.2457014824581
2026-07-07 02:42:09,168 - ERROR - Критическая ошибка: name 'open_trades' is not defined
Traceback (most recent call last):
  File "C:\Users\sereg\OneDrive\Desktop\demo_trader_v4_adaptive.py", line 799, in <module>
    main_loop()
    ~~~~~~~~~^^
  File "C:\Users\sereg\OneDrive\Desktop\demo_trader_v4_adaptive.py", line 782, in main_loop
    add_trade_open(sym, side, entry_price, qty, diff, consensus_tf, ema_vals)
    ~~~~~~~~~~~~~~^^^^^^^^^^^^^^^^^^^^^^^^^^^^^^^^^^^^^^^^^^^^^^^^^^^^^^^^^^^
  File "C:\Users\sereg\OneDrive\Desktop\demo_trader_v4_adaptive.py", line 574, in add_trade_open
    open_trades[symbol] = {
    ^^^^^^^^^^^
NameError: name 'open_trades' is not defined
2026-07-07 02:47:18,199 - INFO - Загрузка истории для всех таймфреймов...
2026-07-07 02:47:18,575 - INFO -   BTCUSDT (15m): загружено 250 свечей
2026-07-07 02:47:18,895 - INFO -   ETHUSDT (15m): загружено 250 свечей
2026-07-07 02:47:19,200 - INFO -   SOLUSDT (15m): загружено 250 свечей
2026-07-07 02:47:19,520 - INFO -   XRPUSDT (15m): загружено 250 свечей
2026-07-07 02:47:19,831 - INFO -   BTCUSDT (30m): загружено 250 свечей
2026-07-07 02:47:20,169 - INFO -   ETHUSDT (30m): загружено 250 свечей
2026-07-07 02:47:20,501 - INFO -   SOLUSDT (30m): загружено 250 свечей
2026-07-07 02:47:20,807 - INFO -   XRPUSDT (30m): загружено 250 свечей
2026-07-07 02:47:21,127 - INFO -   BTCUSDT (1h): загружено 250 свечей
2026-07-07 02:47:21,440 - INFO -   ETHUSDT (1h): загружено 250 свечей
2026-07-07 02:47:21,763 - INFO -   SOLUSDT (1h): загружено 250 свечей
2026-07-07 02:47:22,074 - INFO -   XRPUSDT (1h): загружено 250 свечей
2026-07-07 02:47:22,380 - INFO -   BTCUSDT (4h): загружено 250 свечей
2026-07-07 02:47:22,720 - INFO -   ETHUSDT (4h): загружено 250 свечей
2026-07-07 02:47:23,035 - INFO -   SOLUSDT (4h): загружено 250 свечей
2026-07-07 02:47:23,374 - INFO -   XRPUSDT (4h): загружено 250 свечей
2026-07-07 02:47:23,683 - INFO -   BTCUSDT (1d): загружено 250 свечей
2026-07-07 02:47:24,013 - INFO -   ETHUSDT (1d): загружено 250 свечей
2026-07-07 02:47:24,322 - INFO -   SOLUSDT (1d): загружено 250 свечей
2026-07-07 02:47:24,636 - INFO -   XRPUSDT (1d): загружено 250 свечей
2026-07-07 02:47:24,944 - INFO -   BTCUSDT (1w): загружено 250 свечей
2026-07-07 02:47:25,252 - INFO -   ETHUSDT (1w): загружено 250 свечей
2026-07-07 02:47:25,559 - INFO -   SOLUSDT (1w): загружено 248 свечей
2026-07-07 02:47:25,886 - INFO -   XRPUSDT (1w): загружено 250 свечей
2026-07-07 02:47:25,886 - INFO - Адаптивный трейдер запущен (пересчёт параметров каждые 3 часов).
2026-07-07 02:47:33,563 - INFO - Запуск адаптации параметров...
2026-07-07 02:47:33,566 - INFO - Недостаточно данных для адаптации, пропускаем
2026-07-07 02:47:36,140 - INFO - Попытка открыть Buy ETHUSDT лимит по 1797.36 (текущая 1798.26, qty=12.75)
2026-07-07 02:47:36,140 - INFO - Отправка лимитного ордера Buy ETHUSDT qty=12.75 price=1797.36, timeout=180с
2026-07-07 02:50:37,753 - WARNING - Лимитный ордер Buy ETHUSDT отменён по таймауту
2026-07-07 02:50:37,755 - ERROR - Не удалось открыть позицию ETHUSDT
2026-07-07 03:06:12,874 - ERROR - invalid request, please check your server timestamp or recv_window param: req_timestamp[1783382767185],server_timestamp[1783382773052],recv_window[5000] (ErrCode: 10002). Added 2.5 seconds to recv_window. Retrying...
2026-07-07 03:06:17,338 - INFO - Попытка открыть Buy XRPUSDT лимит по 1.15 (текущая 1.1461, qty=1000)
2026-07-07 03:06:17,338 - INFO - Отправка лимитного ордера Buy XRPUSDT qty=1000 price=1.15, timeout=180с
2026-07-07 03:06:17,894 - INFO - Лимитный ордер Buy XRPUSDT исполнен по 1.15
2026-07-07 03:06:17,894 - INFO - ОТКРЫТИЕ: Buy XRPUSDT qty=1000 цена=1.15 (лимит)
2026-07-07 03:06:18,220 - INFO - SL/TP установлены: SL=1.1404690000000002, TP=1.1773788442602484
2026-07-07 03:06:18,220 - INFO - SL/TP: SL=1.1404690000000002 TP=1.1773788442602484
2026-07-07 03:06:18,221 - ERROR - Критическая ошибка: name 'open_trades' is not defined
Traceback (most recent call last):
  File "C:\Users\sereg\OneDrive\Desktop\demo_trader_v4_adaptive.py", line 799, in <module>
    main_loop()
    ~~~~~~~~~^^
  File "C:\Users\sereg\OneDrive\Desktop\demo_trader_v4_adaptive.py", line 782, in main_loop
    add_trade_open(sym, side, entry_price, qty, diff, consensus_tf, ema_vals)
    ~~~~~~~~~~~~~~^^^^^^^^^^^^^^^^^^^^^^^^^^^^^^^^^^^^^^^^^^^^^^^^^^^^^^^^^^^
  File "C:\Users\sereg\OneDrive\Desktop\demo_trader_v4_adaptive.py", line 574, in add_trade_open
    open_trades[symbol] = {
    ^^^^^^^^^^^
NameError: name 'open_trades' is not defined
2026-07-07 03:16:53,347 - INFO - Загрузка истории для всех таймфреймов...
2026-07-07 03:16:53,661 - INFO -   BTCUSDT (15m): загружено 250 свечей
2026-07-07 03:16:53,966 - INFO -   ETHUSDT (15m): загружено 250 свечей
2026-07-07 03:16:54,449 - INFO -   SOLUSDT (15m): загружено 250 свечей
2026-07-07 03:16:54,929 - INFO -   XRPUSDT (15m): загружено 250 свечей
2026-07-07 03:16:55,254 - INFO -   BTCUSDT (30m): загружено 250 свечей
2026-07-07 03:16:55,564 - INFO -   ETHUSDT (30m): загружено 250 свечей
2026-07-07 03:16:55,875 - INFO -   SOLUSDT (30m): загружено 250 свечей
2026-07-07 03:16:56,187 - INFO -   XRPUSDT (30m): загружено 250 свечей
2026-07-07 03:16:56,491 - INFO -   BTCUSDT (1h): загружено 250 свечей
2026-07-07 03:16:56,801 - INFO -   ETHUSDT (1h): загружено 250 свечей
2026-07-07 03:16:57,127 - INFO -   SOLUSDT (1h): загружено 250 свечей
2026-07-07 03:16:57,433 - INFO -   XRPUSDT (1h): загружено 250 свечей
2026-07-07 03:16:57,749 - INFO -   BTCUSDT (4h): загружено 250 свечей
2026-07-07 03:16:58,079 - INFO -   ETHUSDT (4h): загружено 250 свечей
2026-07-07 03:16:58,388 - INFO -   SOLUSDT (4h): загружено 250 свечей
2026-07-07 03:16:58,703 - INFO -   XRPUSDT (4h): загружено 250 свечей
2026-07-07 03:16:59,022 - INFO -   BTCUSDT (1d): загружено 250 свечей
2026-07-07 03:16:59,337 - INFO -   ETHUSDT (1d): загружено 250 свечей
2026-07-07 03:16:59,681 - INFO -   SOLUSDT (1d): загружено 250 свечей
2026-07-07 03:17:00,019 - INFO -   XRPUSDT (1d): загружено 250 свечей
2026-07-07 03:17:00,330 - INFO -   BTCUSDT (1w): загружено 250 свечей
2026-07-07 03:17:00,649 - INFO -   ETHUSDT (1w): загружено 250 свечей
2026-07-07 03:17:00,961 - INFO -   SOLUSDT (1w): загружено 248 свечей
2026-07-07 03:17:01,275 - INFO -   XRPUSDT (1w): загружено 250 свечей
2026-07-07 03:17:01,276 - INFO - Адаптивный трейдер запущен (пересчёт параметров каждые 6 часов).
2026-07-07 03:17:08,901 - INFO - Запуск адаптации параметров...
2026-07-07 03:17:08,903 - INFO - Недостаточно данных для адаптации, пропускаем
2026-07-07 03:18:36,843 - INFO - Загрузка истории для всех таймфреймов...
2026-07-07 03:18:40,226 - INFO -   BTCUSDT (15m): загружено 250 свечей
2026-07-07 03:18:40,559 - INFO -   ETHUSDT (15m): загружено 250 свечей
2026-07-07 03:18:40,863 - INFO -   SOLUSDT (15m): загружено 250 свечей
2026-07-07 03:18:41,185 - INFO -   XRPUSDT (15m): загружено 250 свечей
2026-07-07 03:18:41,496 - INFO -   BTCUSDT (30m): загружено 250 свечей
2026-07-07 03:18:41,822 - INFO -   ETHUSDT (30m): загружено 250 свечей
2026-07-07 03:18:42,154 - INFO -   SOLUSDT (30m): загружено 250 свечей
2026-07-07 03:18:42,466 - INFO -   XRPUSDT (30m): загружено 250 свечей
2026-07-07 03:18:42,798 - INFO -   BTCUSDT (1h): загружено 250 свечей
2026-07-07 03:18:43,102 - INFO -   ETHUSDT (1h): загружено 250 свечей
2026-07-07 03:18:43,414 - INFO -   SOLUSDT (1h): загружено 250 свечей
2026-07-07 03:18:43,730 - INFO -   XRPUSDT (1h): загружено 250 свечей
2026-07-07 03:18:44,052 - INFO -   BTCUSDT (4h): загружено 250 свечей
2026-07-07 03:18:44,379 - INFO -   ETHUSDT (4h): загружено 250 свечей
2026-07-07 03:18:44,711 - INFO -   SOLUSDT (4h): загружено 250 свечей
2026-07-07 03:18:45,020 - INFO -   XRPUSDT (4h): загружено 250 свечей
2026-07-07 03:18:45,329 - INFO -   BTCUSDT (1d): загружено 250 свечей
2026-07-07 03:18:45,662 - INFO -   ETHUSDT (1d): загружено 250 свечей
2026-07-07 03:18:45,969 - INFO -   SOLUSDT (1d): загружено 250 свечей
2026-07-07 03:18:46,284 - INFO -   XRPUSDT (1d): загружено 250 свечей
2026-07-07 03:18:46,771 - INFO -   BTCUSDT (1w): загружено 250 свечей
2026-07-07 03:18:47,080 - INFO -   ETHUSDT (1w): загружено 250 свечей
2026-07-07 03:18:47,415 - INFO -   SOLUSDT (1w): загружено 248 свечей
2026-07-07 03:18:47,728 - INFO -   XRPUSDT (1w): загружено 250 свечей
2026-07-07 03:18:47,728 - INFO - Адаптивный трейдер запущен (пересчёт параметров каждые 6 часов).
2026-07-07 03:18:55,420 - INFO - Запуск адаптации параметров...
2026-07-07 03:18:55,425 - INFO - Недостаточно данных для адаптации, пропускаем
2026-07-07 03:18:56,177 - INFO - Попытка открыть Sell BTCUSDT лимит по 64139.16 (текущая 64043.1, qty=10.346)
2026-07-07 03:18:56,178 - INFO - Отправка лимитного ордера Sell BTCUSDT qty=10.346 price=64139.16, timeout=180с
2026-07-07 03:20:36,881 - INFO - Лимитный ордер Sell BTCUSDT исполнен по 64139.16
2026-07-07 03:20:36,881 - INFO - ОТКРЫТИЕ: Sell BTCUSDT qty=10.346 цена=64139.16 (лимит)
2026-07-07 03:20:38,044 - INFO - SL/TP установлены: SL=64363.215, TP=62810.95961181778
2026-07-07 03:20:38,045 - INFO - SL/TP: SL=64363.215 TP=62810.95961181778
2026-07-07 03:20:38,046 - INFO - Сделка открыта: Sell BTCUSDT по 64043.1, qty=10.346, score=-15.5
2026-07-07 03:20:38,711 - INFO - Попытка открыть Sell ETHUSDT лимит по 1801.55 (текущая 1798.85, qty=358.4)
2026-07-07 03:20:38,711 - INFO - Отправка лимитного ордера Sell ETHUSDT qty=358.4 price=1801.55, timeout=180с
2026-07-07 03:20:39,032 - ERROR - Исключение в лимитном ордере: CheckMarginRatio fail! InsufficientAB (ErrCode: 110007) (ErrTime: 00:20:39).
Request → POST https://api-demo.bybit.com/v5/order/create: {"category": "linear", "symbol": "ETHUSDT", "side": "Sell", "orderType": "Limit", "qty": "358.4", "price": "1801.55", "timeInForce": "GTC"}.
2026-07-07 03:20:39,033 - ERROR - Не удалось открыть позицию ETHUSDT
2026-07-07 03:20:40,015 - INFO - Попытка открыть Sell XRPUSDT лимит по 1.15 (текущая 1.1461, qty=100000)
2026-07-07 03:20:40,015 - INFO - Отправка лимитного ордера Sell XRPUSDT qty=100000 price=1.15, timeout=180с
2026-07-07 03:20:40,334 - ERROR - Исключение в лимитном ордере: ab not enough for new order (ErrCode: 110007) (ErrTime: 00:20:40).
Request → POST https://api-demo.bybit.com/v5/order/create: {"category": "linear", "symbol": "XRPUSDT", "side": "Sell", "orderType": "Limit", "qty": "100000", "price": "1.15", "timeInForce": "GTC"}.
2026-07-07 03:20:40,334 - ERROR - Не удалось открыть позицию XRPUSDT
2026-07-07 03:25:49,569 - INFO - Попытка открыть Buy ETHUSDT лимит по 1803.61 (текущая 1806.32, qty=345.59)
2026-07-07 03:25:49,569 - INFO - Отправка лимитного ордера Buy ETHUSDT qty=345.59 price=1803.61, timeout=180с
2026-07-07 03:25:49,895 - ERROR - Исключение в лимитном ордере: CheckMarginRatio fail! InsufficientAB (ErrCode: 110007) (ErrTime: 00:25:49).
Request → POST https://api-demo.bybit.com/v5/order/create: {"category": "linear", "symbol": "ETHUSDT", "side": "Buy", "orderType": "Limit", "qty": "345.59", "price": "1803.61", "timeInForce": "GTC"}.
2026-07-07 03:25:49,895 - ERROR - Не удалось открыть позицию ETHUSDT
2026-07-07 03:25:50,515 - INFO - Попытка открыть Buy SOLUSDT лимит по 82.17 (текущая 82.29, qty=8018.8)
2026-07-07 03:25:50,515 - INFO - Отправка лимитного ордера Buy SOLUSDT qty=8018.8 price=82.17, timeout=180с
2026-07-07 03:25:50,862 - ERROR - Исключение в лимитном ордере: CheckMarginRatio fail! InsufficientAB (ErrCode: 110007) (ErrTime: 00:25:50).
Request → POST https://api-demo.bybit.com/v5/order/create: {"category": "linear", "symbol": "SOLUSDT", "side": "Buy", "orderType": "Limit", "qty": "8018.8", "price": "82.17", "timeInForce": "GTC"}.
2026-07-07 03:25:50,862 - ERROR - Не удалось открыть позицию SOLUSDT
2026-07-07 03:25:51,478 - INFO - Попытка открыть Sell XRPUSDT лимит по 1.15 (текущая 1.1501, qty=100000)
2026-07-07 03:25:51,478 - INFO - Отправка лимитного ордера Sell XRPUSDT qty=100000 price=1.15, timeout=180с
2026-07-07 03:25:51,789 - ERROR - Исключение в лимитном ордере: ab not enough for new order (ErrCode: 110007) (ErrTime: 00:25:51).
Request → POST https://api-demo.bybit.com/v5/order/create: {"category": "linear", "symbol": "XRPUSDT", "side": "Sell", "orderType": "Limit", "qty": "100000", "price": "1.15", "timeInForce": "GTC"}.
2026-07-07 03:25:51,789 - ERROR - Не удалось открыть позицию XRPUSDT
2026-07-07 03:31:00,751 - INFO - Попытка открыть Sell ETHUSDT лимит по 1807.71 (текущая 1805.0, qty=352.07)
2026-07-07 03:31:00,752 - INFO - Отправка лимитного ордера Sell ETHUSDT qty=352.07 price=1807.71, timeout=180с
2026-07-07 03:31:01,070 - ERROR - Исключение в лимитном ордере: CheckMarginRatio fail! InsufficientAB (ErrCode: 110007) (ErrTime: 00:31:01).
Request → POST https://api-demo.bybit.com/v5/order/create: {"category": "linear", "symbol": "ETHUSDT", "side": "Sell", "orderType": "Limit", "qty": "352.07", "price": "1807.71", "timeInForce": "GTC"}.
2026-07-07 03:31:01,071 - ERROR - Не удалось открыть позицию ETHUSDT
2026-07-07 03:31:02,062 - INFO - Попытка открыть Buy SOLUSDT лимит по 82.23 (текущая 82.35, qty=8213.7)
2026-07-07 03:31:02,063 - INFO - Отправка лимитного ордера Buy SOLUSDT qty=8213.7 price=82.23, timeout=180с
2026-07-07 03:31:02,376 - ERROR - Исключение в лимитном ордере: CheckMarginRatio fail! InsufficientAB (ErrCode: 110007) (ErrTime: 00:31:02).
Request → POST https://api-demo.bybit.com/v5/order/create: {"category": "linear", "symbol": "SOLUSDT", "side": "Buy", "orderType": "Limit", "qty": "8213.7", "price": "82.23", "timeInForce": "GTC"}.
2026-07-07 03:31:02,376 - ERROR - Не удалось открыть позицию SOLUSDT
2026-07-07 03:31:03,045 - INFO - Попытка открыть Sell XRPUSDT лимит по 1.15 (текущая 1.1487, qty=100000)
2026-07-07 03:31:03,045 - INFO - Отправка лимитного ордера Sell XRPUSDT qty=100000 price=1.15, timeout=180с
2026-07-07 03:31:03,365 - ERROR - Исключение в лимитном ордере: ab not enough for new order (ErrCode: 110007) (ErrTime: 00:31:03).
Request → POST https://api-demo.bybit.com/v5/order/create: {"category": "linear", "symbol": "XRPUSDT", "side": "Sell", "orderType": "Limit", "qty": "100000", "price": "1.15", "timeInForce": "GTC"}.
2026-07-07 03:31:03,367 - ERROR - Не удалось открыть позицию XRPUSDT
2026-07-07 03:33:01,333 - INFO - Загрузка истории для всех таймфреймов...
2026-07-07 03:33:01,753 - INFO -   BTCUSDT (15m): загружено 250 свечей
2026-07-07 03:33:02,069 - INFO -   ETHUSDT (15m): загружено 250 свечей
2026-07-07 03:33:02,398 - INFO -   SOLUSDT (15m): загружено 250 свечей
2026-07-07 03:33:02,710 - INFO -   XRPUSDT (15m): загружено 250 свечей
2026-07-07 03:33:03,021 - INFO -   BTCUSDT (30m): загружено 250 свечей
2026-07-07 03:33:03,351 - INFO -   ETHUSDT (30m): загружено 250 свечей
2026-07-07 03:33:03,673 - INFO -   SOLUSDT (30m): загружено 250 свечей
2026-07-07 03:33:03,988 - INFO -   XRPUSDT (30m): загружено 250 свечей
2026-07-07 03:33:04,308 - INFO -   BTCUSDT (1h): загружено 250 свечей
2026-07-07 03:33:04,617 - INFO -   ETHUSDT (1h): загружено 250 свечей
2026-07-07 03:33:04,928 - INFO -   SOLUSDT (1h): загружено 250 свечей
2026-07-07 03:33:05,234 - INFO -   XRPUSDT (1h): загружено 250 свечей
2026-07-07 03:33:05,562 - INFO -   BTCUSDT (4h): загружено 250 свечей
2026-07-07 03:33:05,895 - INFO -   ETHUSDT (4h): загружено 250 свечей
2026-07-07 03:33:06,213 - INFO -   SOLUSDT (4h): загружено 250 свечей
2026-07-07 03:33:06,548 - INFO -   XRPUSDT (4h): загружено 250 свечей
2026-07-07 03:33:06,871 - INFO -   BTCUSDT (1d): загружено 250 свечей
2026-07-07 03:33:07,181 - INFO -   ETHUSDT (1d): загружено 250 свечей
2026-07-07 03:33:07,517 - INFO -   SOLUSDT (1d): загружено 250 свечей
2026-07-07 03:33:07,832 - INFO -   XRPUSDT (1d): загружено 250 свечей
2026-07-07 03:33:08,164 - INFO -   BTCUSDT (1w): загружено 250 свечей
2026-07-07 03:33:08,489 - INFO -   ETHUSDT (1w): загружено 250 свечей
2026-07-07 03:33:08,799 - INFO -   SOLUSDT (1w): загружено 248 свечей
2026-07-07 03:33:09,114 - INFO -   XRPUSDT (1w): загружено 250 свечей
2026-07-07 03:33:09,114 - INFO - Адаптивный трейдер запущен (пересчёт параметров каждые 6 часов).
2026-07-07 03:33:16,649 - INFO - Запуск адаптации параметров...
2026-07-07 03:33:16,651 - INFO - Недостаточно данных для адаптации, пропускаем
2026-07-07 03:33:16,744 - ERROR - Исключение получения позиций: 'latin-1' codec can't encode characters in position 0-2: ordinal not in range(256)
2026-07-07 03:33:16,846 - ERROR - Исключение получения позиций: 'latin-1' codec can't encode characters in position 0-2: ordinal not in range(256)
2026-07-07 03:33:16,935 - ERROR - Исключение получения позиций: 'latin-1' codec can't encode characters in position 0-2: ordinal not in range(256)
2026-07-07 03:33:17,025 - ERROR - Исключение получения позиций: 'latin-1' codec can't encode characters in position 0-2: ordinal not in range(256)
2026-07-07 03:36:19,802 - INFO - Загрузка истории для всех таймфреймов...
2026-07-07 03:36:30,855 - ERROR - Ошибка запроса BTCUSDT (15): HTTPSConnectionPool(host='api.bybit.com', port=443): Max retries exceeded with url: /v5/market/kline?category=linear&symbol=BTCUSDT&interval=15&limit=250 (Caused by NameResolutionError("HTTPSConnection(host='api.bybit.com', port=443): Failed to resolve 'api.bybit.com' ([Errno 11001] getaddrinfo failed)"))
2026-07-07 03:36:30,855 - WARNING -   BTCUSDT (15m): не удалось загрузить
2026-07-07 03:36:38,247 - INFO -   ETHUSDT (15m): загружено 250 свечей
2026-07-07 03:36:38,563 - INFO -   SOLUSDT (15m): загружено 250 свечей
2026-07-07 03:36:38,866 - INFO -   XRPUSDT (15m): загружено 250 свечей
2026-07-07 03:36:39,175 - INFO -   BTCUSDT (30m): загружено 250 свечей
2026-07-07 03:36:39,663 - INFO -   ETHUSDT (30m): загружено 250 свечей
2026-07-07 03:36:40,008 - INFO -   SOLUSDT (30m): загружено 250 свечей
2026-07-07 03:36:40,315 - INFO -   XRPUSDT (30m): загружено 250 свечей
2026-07-07 03:36:40,627 - INFO -   BTCUSDT (1h): загружено 250 свечей
2026-07-07 03:36:40,957 - INFO -   ETHUSDT (1h): загружено 250 свечей
2026-07-07 03:36:41,264 - INFO -   SOLUSDT (1h): загружено 250 свечей
2026-07-07 03:36:41,574 - INFO -   XRPUSDT (1h): загружено 250 свечей
2026-07-07 03:36:41,883 - INFO -   BTCUSDT (4h): загружено 250 свечей
2026-07-07 03:36:42,212 - INFO -   ETHUSDT (4h): загружено 250 свечей
2026-07-07 03:36:43,971 - INFO - Загрузка истории для всех таймфреймов...
2026-07-07 03:36:44,303 - INFO -   BTCUSDT (15m): загружено 250 свечей
2026-07-07 03:36:44,617 - INFO -   ETHUSDT (15m): загружено 250 свечей
2026-07-07 03:36:44,929 - INFO -   SOLUSDT (15m): загружено 250 свечей
2026-07-07 03:36:45,237 - INFO -   XRPUSDT (15m): загружено 250 свечей
2026-07-07 03:36:45,550 - INFO -   BTCUSDT (30m): загружено 250 свечей
2026-07-07 03:36:45,871 - INFO -   ETHUSDT (30m): загружено 250 свечей
2026-07-07 03:36:46,197 - INFO -   SOLUSDT (30m): загружено 250 свечей
2026-07-07 03:36:46,534 - INFO -   XRPUSDT (30m): загружено 250 свечей
2026-07-07 03:36:46,843 - INFO -   BTCUSDT (1h): загружено 250 свечей
2026-07-07 03:36:47,157 - INFO -   ETHUSDT (1h): загружено 250 свечей
2026-07-07 03:36:47,478 - INFO -   SOLUSDT (1h): загружено 250 свечей
2026-07-07 03:36:47,789 - INFO -   XRPUSDT (1h): загружено 250 свечей
2026-07-07 03:36:48,103 - INFO -   BTCUSDT (4h): загружено 250 свечей
2026-07-07 03:36:48,420 - INFO -   ETHUSDT (4h): загружено 250 свечей
2026-07-07 03:36:48,729 - INFO -   SOLUSDT (4h): загружено 250 свечей
2026-07-07 03:36:49,037 - INFO -   XRPUSDT (4h): загружено 250 свечей
2026-07-07 03:36:49,356 - INFO -   BTCUSDT (1d): загружено 250 свечей
2026-07-07 03:36:49,664 - INFO -   ETHUSDT (1d): загружено 250 свечей
2026-07-07 03:36:49,974 - INFO -   SOLUSDT (1d): загружено 250 свечей
2026-07-07 03:36:50,281 - INFO -   XRPUSDT (1d): загружено 250 свечей
2026-07-07 03:36:50,598 - INFO -   BTCUSDT (1w): загружено 250 свечей
2026-07-07 03:36:50,912 - INFO -   ETHUSDT (1w): загружено 250 свечей
2026-07-07 03:36:51,230 - INFO -   SOLUSDT (1w): загружено 248 свечей
2026-07-07 03:36:51,553 - INFO -   XRPUSDT (1w): загружено 250 свечей
2026-07-07 03:36:51,553 - INFO - Адаптивный трейдер запущен (пересчёт параметров каждые 6 часов).
2026-07-07 03:36:59,141 - INFO - Запуск адаптации параметров...
2026-07-07 03:36:59,143 - INFO - Недостаточно данных для адаптации, пропускаем
2026-07-07 03:36:59,387 - ERROR - Ошибка кодировки при получении позиций: 'latin-1' codec can't encode characters in position 0-2: ordinal not in range(256)
2026-07-07 03:36:59,478 - ERROR - Ошибка кодировки при получении позиций: 'latin-1' codec can't encode characters in position 0-2: ordinal not in range(256)
2026-07-07 03:36:59,576 - ERROR - Ошибка кодировки при получении позиций: 'latin-1' codec can't encode characters in position 0-2: ordinal not in range(256)
2026-07-07 03:36:59,666 - ERROR - Ошибка кодировки при получении позиций: 'latin-1' codec can't encode characters in position 0-2: ordinal not in range(256)
2026-07-07 03:41:25,476 - INFO - Загрузка истории для всех таймфреймов...
2026-07-07 03:41:25,806 - INFO -   BTCUSDT (15m): загружено 250 свечей
2026-07-07 03:41:26,126 - INFO -   ETHUSDT (15m): загружено 250 свечей
2026-07-07 03:41:26,637 - INFO -   SOLUSDT (15m): загружено 250 свечей
2026-07-07 03:41:26,974 - INFO -   XRPUSDT (15m): загружено 250 свечей
2026-07-07 03:41:27,290 - INFO -   BTCUSDT (30m): загружено 250 свечей
2026-07-07 03:41:27,609 - INFO -   ETHUSDT (30m): загружено 250 свечей
2026-07-07 03:41:27,931 - INFO -   SOLUSDT (30m): загружено 250 свечей
2026-07-07 03:41:28,434 - INFO -   XRPUSDT (30m): загружено 250 свечей
2026-07-07 03:41:28,745 - INFO -   BTCUSDT (1h): загружено 250 свечей
2026-07-07 03:41:29,056 - INFO -   ETHUSDT (1h): загружено 250 свечей
2026-07-07 03:41:29,393 - INFO -   SOLUSDT (1h): загружено 250 свечей
2026-07-07 03:41:29,731 - INFO -   XRPUSDT (1h): загружено 250 свечей
2026-07-07 03:41:30,045 - INFO -   BTCUSDT (4h): загружено 250 свечей
2026-07-07 03:41:30,359 - INFO -   ETHUSDT (4h): загружено 250 свечей
2026-07-07 03:41:30,695 - INFO -   SOLUSDT (4h): загружено 250 свечей
2026-07-07 03:41:31,024 - INFO -   XRPUSDT (4h): загружено 250 свечей
2026-07-07 03:41:31,336 - INFO -   BTCUSDT (1d): загружено 250 свечей
2026-07-07 03:41:31,647 - INFO -   ETHUSDT (1d): загружено 250 свечей
2026-07-07 03:41:31,970 - INFO -   SOLUSDT (1d): загружено 250 свечей
2026-07-07 03:41:32,299 - INFO -   XRPUSDT (1d): загружено 250 свечей
2026-07-07 03:41:32,632 - INFO -   BTCUSDT (1w): загружено 250 свечей
2026-07-07 03:41:32,980 - INFO -   ETHUSDT (1w): загружено 250 свечей
2026-07-07 03:41:33,296 - INFO -   SOLUSDT (1w): загружено 248 свечей
2026-07-07 03:41:33,612 - INFO -   XRPUSDT (1w): загружено 250 свечей
2026-07-07 03:41:33,612 - INFO - Адаптивный трейдер запущен (пересчёт параметров каждые 6 часов).
2026-07-07 03:41:41,279 - INFO - Запуск адаптации параметров...
2026-07-07 03:41:41,280 - INFO - Недостаточно данных для адаптации, пропускаем
2026-07-07 03:46:53,597 - ERROR - Ошибка запроса BTCUSDT (15): HTTPSConnectionPool(host='api.bybit.com', port=443): Max retries exceeded with url: /v5/market/kline?category=linear&symbol=BTCUSDT&interval=15&limit=1 (Caused by NameResolutionError("HTTPSConnection(host='api.bybit.com', port=443): Failed to resolve 'api.bybit.com' ([Errno 11001] getaddrinfo failed)"))
2026-07-07 03:51:15,628 - INFO - Загрузка истории для всех таймфреймов...
2026-07-07 03:51:16,033 - INFO -   BTCUSDT (15m): загружено 250 свечей
2026-07-07 03:51:16,340 - INFO -   ETHUSDT (15m): загружено 250 свечей
2026-07-07 03:51:16,648 - INFO -   SOLUSDT (15m): загружено 250 свечей
2026-07-07 03:51:16,957 - INFO -   XRPUSDT (15m): загружено 250 свечей
2026-07-07 03:51:17,261 - INFO -   BTCUSDT (30m): загружено 250 свечей
2026-07-07 03:51:17,584 - INFO -   ETHUSDT (30m): загружено 250 свечей
2026-07-07 03:51:17,925 - INFO -   SOLUSDT (30m): загружено 250 свечей
2026-07-07 03:51:18,254 - INFO -   XRPUSDT (30m): загружено 250 свечей
2026-07-07 03:51:18,596 - INFO -   BTCUSDT (1h): загружено 250 свечей
2026-07-07 03:51:18,909 - INFO -   ETHUSDT (1h): загружено 250 свечей
2026-07-07 03:51:19,236 - INFO -   SOLUSDT (1h): загружено 250 свечей
2026-07-07 03:51:19,549 - INFO -   XRPUSDT (1h): загружено 250 свечей
2026-07-07 03:51:19,876 - INFO -   BTCUSDT (4h): загружено 250 свечей
2026-07-07 03:51:20,206 - INFO -   ETHUSDT (4h): загружено 250 свечей
2026-07-07 03:51:20,515 - INFO -   SOLUSDT (4h): загружено 250 свечей
2026-07-07 03:51:20,819 - INFO -   XRPUSDT (4h): загружено 250 свечей
2026-07-07 03:51:21,136 - INFO -   BTCUSDT (1d): загружено 250 свечей
2026-07-07 03:51:21,450 - INFO -   ETHUSDT (1d): загружено 250 свечей
2026-07-07 03:51:21,932 - INFO -   SOLUSDT (1d): загружено 250 свечей
2026-07-07 03:51:22,258 - INFO -   XRPUSDT (1d): загружено 250 свечей
2026-07-07 03:51:22,580 - INFO -   BTCUSDT (1w): загружено 250 свечей
2026-07-07 03:51:22,910 - INFO -   ETHUSDT (1w): загружено 250 свечей
2026-07-07 03:51:23,273 - INFO -   SOLUSDT (1w): загружено 248 свечей
2026-07-07 03:51:23,585 - INFO -   XRPUSDT (1w): загружено 250 свечей
2026-07-07 03:51:23,586 - INFO - Адаптивный трейдер запущен (пересчёт параметров каждые 6 часов).
2026-07-07 03:51:31,198 - INFO - Запуск адаптации параметров...
2026-07-07 03:51:31,199 - INFO - Недостаточно данных для адаптации, пропускаем
2026-07-07 03:52:37,085 - INFO - Загрузка истории для всех таймфреймов...
2026-07-07 03:52:40,536 - INFO -   BTCUSDT (15m): загружено 250 свечей
2026-07-07 03:52:40,867 - INFO -   ETHUSDT (15m): загружено 250 свечей
2026-07-07 03:52:41,190 - INFO -   SOLUSDT (15m): загружено 250 свечей
2026-07-07 03:52:41,531 - INFO -   XRPUSDT (15m): загружено 250 свечей
2026-07-07 03:52:41,858 - INFO -   BTCUSDT (30m): загружено 250 свечей
2026-07-07 03:52:42,167 - INFO -   ETHUSDT (30m): загружено 250 свечей
2026-07-07 03:52:42,477 - INFO -   SOLUSDT (30m): загружено 250 свечей
2026-07-07 03:52:42,810 - INFO -   XRPUSDT (30m): загружено 250 свечей
2026-07-07 03:52:43,147 - INFO -   BTCUSDT (1h): загружено 250 свечей
2026-07-07 03:52:43,460 - INFO -   ETHUSDT (1h): загружено 250 свечей
2026-07-07 03:52:43,776 - INFO -   SOLUSDT (1h): загружено 250 свечей
2026-07-07 03:52:44,104 - INFO -   XRPUSDT (1h): загружено 250 свечей
2026-07-07 03:52:44,424 - INFO -   BTCUSDT (4h): загружено 250 свечей
2026-07-07 03:52:44,741 - INFO -   ETHUSDT (4h): загружено 250 свечей
2026-07-07 03:52:45,078 - INFO -   SOLUSDT (4h): загружено 250 свечей
2026-07-07 03:52:45,395 - INFO -   XRPUSDT (4h): загружено 250 свечей
2026-07-07 03:52:45,723 - INFO -   BTCUSDT (1d): загружено 250 свечей
2026-07-07 03:52:46,041 - INFO -   ETHUSDT (1d): загружено 250 свечей
2026-07-07 03:52:46,360 - INFO -   SOLUSDT (1d): загружено 250 свечей
2026-07-07 03:52:46,683 - INFO -   XRPUSDT (1d): загружено 250 свечей
2026-07-07 03:52:47,014 - INFO -   BTCUSDT (1w): загружено 250 свечей
2026-07-07 03:52:47,341 - INFO -   ETHUSDT (1w): загружено 250 свечей
2026-07-07 03:52:47,666 - INFO -   SOLUSDT (1w): загружено 248 свечей
2026-07-07 03:52:48,501 - INFO -   XRPUSDT (1w): загружено 250 свечей
2026-07-07 03:52:48,501 - INFO - Адаптивный трейдер запущен (пересчёт параметров каждые 6 часов).
2026-07-07 03:52:56,643 - INFO - Запуск адаптации параметров...
2026-07-07 03:52:56,645 - INFO - Недостаточно данных для адаптации, пропускаем
2026-07-07 04:13:49,800 - ERROR - Ошибка запроса BTCUSDT (15): HTTPSConnectionPool(host='api.bybit.com', port=443): Max retries exceeded with url: /v5/market/kline?category=linear&symbol=BTCUSDT&interval=15&limit=1 (Caused by NameResolutionError("HTTPSConnection(host='api.bybit.com', port=443): Failed to resolve 'api.bybit.com' ([Errno 11001] getaddrinfo failed)"))
2026-07-07 04:15:08,847 - INFO - Загрузка истории для всех таймфреймов...
2026-07-07 04:15:09,322 - INFO -   BTCUSDT (15m): загружено 250 свечей
2026-07-07 04:15:09,634 - INFO -   ETHUSDT (15m): загружено 250 свечей
2026-07-07 04:15:09,959 - INFO -   SOLUSDT (15m): загружено 250 свечей
2026-07-07 04:15:10,291 - INFO -   XRPUSDT (15m): загружено 250 свечей
2026-07-07 04:15:10,615 - INFO -   BTCUSDT (30m): загружено 250 свечей
2026-07-07 04:15:10,930 - INFO -   ETHUSDT (30m): загружено 250 свечей
2026-07-07 04:15:11,244 - INFO -   SOLUSDT (30m): загружено 250 свечей
2026-07-07 04:15:11,740 - INFO -   XRPUSDT (30m): загружено 250 свечей
2026-07-07 04:15:12,226 - INFO -   BTCUSDT (1h): загружено 250 свечей
2026-07-07 04:15:12,546 - INFO -   ETHUSDT (1h): загружено 250 свечей
2026-07-07 04:15:12,870 - INFO -   SOLUSDT (1h): загружено 250 свечей
2026-07-07 04:15:13,183 - ERROR - Ошибка XRPUSDT (60): Too many visits. Exceeded the API Rate Limit.
2026-07-07 04:15:13,183 - WARNING -   XRPUSDT (1h): не удалось загрузить
2026-07-07 04:15:13,491 - INFO -   BTCUSDT (4h): загружено 250 свечей
2026-07-07 04:15:13,796 - INFO -   ETHUSDT (4h): загружено 250 свечей
2026-07-07 04:15:14,109 - INFO -   SOLUSDT (4h): загружено 250 свечей
2026-07-07 04:15:14,417 - INFO -   XRPUSDT (4h): загружено 250 свечей
2026-07-07 04:15:14,728 - INFO -   BTCUSDT (1d): загружено 250 свечей
2026-07-07 04:15:15,033 - INFO -   ETHUSDT (1d): загружено 250 свечей
2026-07-07 04:15:15,341 - INFO -   SOLUSDT (1d): загружено 250 свечей
2026-07-07 04:15:15,665 - INFO -   XRPUSDT (1d): загружено 250 свечей
2026-07-07 04:15:15,973 - INFO -   BTCUSDT (1w): загружено 250 свечей
2026-07-07 04:15:16,304 - INFO -   ETHUSDT (1w): загружено 250 свечей
2026-07-07 04:15:16,641 - INFO -   SOLUSDT (1w): загружено 248 свечей
2026-07-07 04:15:16,950 - INFO -   XRPUSDT (1w): загружено 250 свечей
2026-07-07 04:15:16,950 - INFO - Адаптивный трейдер запущен (пересчёт параметров каждые 6 часов).
2026-07-07 04:15:18,236 - ERROR - Ошибка XRPUSDT (15): Too many visits. Exceeded the API Rate Limit.
2026-07-07 04:15:19,906 - INFO - Загрузка истории для всех таймфреймов...
2026-07-07 04:15:20,237 - INFO -   BTCUSDT (15m): загружено 250 свечей
2026-07-07 04:15:20,540 - INFO -   ETHUSDT (15m): загружено 250 свечей
2026-07-07 04:15:20,863 - INFO -   SOLUSDT (15m): загружено 250 свечей
2026-07-07 04:15:21,171 - INFO -   XRPUSDT (15m): загружено 250 свечей
2026-07-07 04:15:21,484 - INFO -   BTCUSDT (30m): загружено 250 свечей
2026-07-07 04:15:21,797 - INFO -   ETHUSDT (30m): загружено 250 свечей
2026-07-07 04:15:22,133 - INFO -   SOLUSDT (30m): загружено 250 свечей
2026-07-07 04:15:22,443 - INFO -   XRPUSDT (30m): загружено 250 свечей
2026-07-07 04:15:22,774 - INFO -   BTCUSDT (1h): загружено 250 свечей
2026-07-07 04:15:23,091 - INFO -   ETHUSDT (1h): загружено 250 свечей
2026-07-07 04:15:23,416 - INFO -   SOLUSDT (1h): загружено 250 свечей
2026-07-07 04:15:23,722 - INFO -   XRPUSDT (1h): загружено 250 свечей
2026-07-07 04:15:24,056 - INFO -   BTCUSDT (4h): загружено 250 свечей
2026-07-07 04:15:24,378 - INFO -   ETHUSDT (4h): загружено 250 свечей
2026-07-07 04:15:24,692 - INFO -   SOLUSDT (4h): загружено 250 свечей
2026-07-07 04:15:25,006 - INFO -   XRPUSDT (4h): загружено 250 свечей
2026-07-07 04:15:25,320 - INFO -   BTCUSDT (1d): загружено 250 свечей
2026-07-07 04:15:25,634 - INFO -   ETHUSDT (1d): загружено 250 свечей
2026-07-07 04:15:25,948 - INFO -   SOLUSDT (1d): загружено 250 свечей
2026-07-07 04:15:26,274 - INFO -   XRPUSDT (1d): загружено 250 свечей
2026-07-07 04:15:26,581 - INFO -   BTCUSDT (1w): загружено 250 свечей
2026-07-07 04:15:26,901 - INFO -   ETHUSDT (1w): загружено 250 свечей
2026-07-07 04:15:27,211 - INFO -   SOLUSDT (1w): загружено 248 свечей
2026-07-07 04:15:27,545 - INFO -   XRPUSDT (1w): загружено 250 свечей
2026-07-07 04:15:27,545 - INFO - Адаптивный трейдер запущен (пересчёт параметров каждые 6 часов).
2026-07-07 04:15:35,489 - INFO - Запуск адаптации параметров...
2026-07-07 04:15:35,491 - INFO - Недостаточно данных для адаптации, пропускаем
2026-07-07 04:15:43,420 - ERROR - invalid request, please check your server timestamp or recv_window param: req_timestamp[1783386935491],server_timestamp[1783386943636],recv_window[5000] (ErrCode: 10002). Added 2.5 seconds to recv_window. Retrying...
2026-07-07 04:18:11,189 - INFO - Загрузка истории для всех таймфреймов...
2026-07-07 04:18:12,633 - INFO -   BTCUSDT (15m): загружено 250 свечей
2026-07-07 04:18:12,956 - INFO -   ETHUSDT (15m): загружено 250 свечей
2026-07-07 04:18:13,264 - INFO -   SOLUSDT (15m): загружено 250 свечей
2026-07-07 04:18:13,587 - INFO -   XRPUSDT (15m): загружено 250 свечей
2026-07-07 04:18:13,897 - INFO -   BTCUSDT (30m): загружено 250 свечей
2026-07-07 04:18:14,234 - INFO -   ETHUSDT (30m): загружено 250 свечей
2026-07-07 04:18:14,546 - INFO -   SOLUSDT (30m): загружено 250 свечей
2026-07-07 04:18:14,855 - INFO -   XRPUSDT (30m): загружено 250 свечей
2026-07-07 04:18:15,168 - INFO -   BTCUSDT (1h): загружено 250 свечей
2026-07-07 04:18:15,495 - INFO -   ETHUSDT (1h): загружено 250 свечей
2026-07-07 04:18:15,841 - INFO -   SOLUSDT (1h): загружено 250 свечей
2026-07-07 04:18:16,151 - INFO -   XRPUSDT (1h): загружено 250 свечей
2026-07-07 04:18:16,494 - INFO -   BTCUSDT (4h): загружено 250 свечей
2026-07-07 04:18:16,817 - INFO -   ETHUSDT (4h): загружено 250 свечей
2026-07-07 04:18:17,131 - INFO -   SOLUSDT (4h): загружено 250 свечей
2026-07-07 04:18:17,441 - INFO -   XRPUSDT (4h): загружено 250 свечей
2026-07-07 04:18:17,768 - INFO -   BTCUSDT (1d): загружено 250 свечей
2026-07-07 04:18:18,079 - INFO -   ETHUSDT (1d): загружено 250 свечей
2026-07-07 04:18:18,398 - INFO -   SOLUSDT (1d): загружено 250 свечей
2026-07-07 04:18:18,723 - INFO -   XRPUSDT (1d): загружено 250 свечей
2026-07-07 04:18:19,056 - INFO -   BTCUSDT (1w): загружено 250 свечей
2026-07-07 04:18:19,387 - INFO -   ETHUSDT (1w): загружено 250 свечей
2026-07-07 04:18:19,695 - INFO -   SOLUSDT (1w): загружено 248 свечей
2026-07-07 04:18:20,016 - INFO -   XRPUSDT (1w): загружено 250 свечей
2026-07-07 04:18:20,017 - INFO - Адаптивный трейдер запущен (пересчёт параметров каждые 6 часов).
2026-07-07 04:18:27,968 - INFO - Запуск адаптации параметров...
2026-07-07 04:18:27,974 - INFO - Недостаточно данных для адаптации, пропускаем
2026-07-07 04:28:57,059 - ERROR - Ошибка запроса BTCUSDT (15): HTTPSConnectionPool(host='api.bybit.com', port=443): Max retries exceeded with url: /v5/market/kline?category=linear&symbol=BTCUSDT&interval=15&limit=1 (Caused by NameResolutionError("HTTPSConnection(host='api.bybit.com', port=443): Failed to resolve 'api.bybit.com' ([Errno 11001] getaddrinfo failed)"))
2026-07-07 04:29:08,122 - ERROR - Ошибка запроса ETHUSDT (15): HTTPSConnectionPool(host='api.bybit.com', port=443): Max retries exceeded with url: /v5/market/kline?category=linear&symbol=ETHUSDT&interval=15&limit=1 (Caused by NameResolutionError("HTTPSConnection(host='api.bybit.com', port=443): Failed to resolve 'api.bybit.com' ([Errno 11001] getaddrinfo failed)"))
2026-07-07 04:29:19,193 - ERROR - Ошибка запроса SOLUSDT (15): HTTPSConnectionPool(host='api.bybit.com', port=443): Max retries exceeded with url: /v5/market/kline?category=linear&symbol=SOLUSDT&interval=15&limit=1 (Caused by NameResolutionError("HTTPSConnection(host='api.bybit.com', port=443): Failed to resolve 'api.bybit.com' ([Errno 11001] getaddrinfo failed)"))
2026-07-07 05:00:30,586 - ERROR - Ошибка BTCUSDT (60): Too many visits. Exceeded the API Rate Limit.
2026-07-07 05:10:56,870 - ERROR - Ошибка запроса BTCUSDT (15): HTTPSConnectionPool(host='api.bybit.com', port=443): Max retries exceeded with url: /v5/market/kline?category=linear&symbol=BTCUSDT&interval=15&limit=1 (Caused by NameResolutionError("HTTPSConnection(host='api.bybit.com', port=443): Failed to resolve 'api.bybit.com' ([Errno 11001] getaddrinfo failed)"))
2026-07-07 05:11:13,951 - INFO - Попытка открыть Sell SOLUSDT лимит по 81.92 (текущая 81.8, qty=12.2)
2026-07-07 05:11:13,951 - INFO - Отправка лимитного ордера Sell SOLUSDT qty=12.2 price=81.92, timeout=180с
2026-07-07 05:14:14,919 - WARNING - Лимитный ордер Sell SOLUSDT отменён по таймауту
2026-07-07 05:14:14,920 - ERROR - Не удалось открыть позицию SOLUSDT
2026-07-07 05:19:27,202 - ERROR - Ошибка запроса BTCUSDT (15): HTTPSConnectionPool(host='api.bybit.com', port=443): Max retries exceeded with url: /v5/market/kline?category=linear&symbol=BTCUSDT&interval=15&limit=1 (Caused by NameResolutionError("HTTPSConnection(host='api.bybit.com', port=443): Failed to resolve 'api.bybit.com' ([Errno 11001] getaddrinfo failed)"))
2026-07-07 05:19:37,702 - INFO - Попытка открыть Sell SOLUSDT лимит по 81.85 (текущая 81.73, qty=12.2)
2026-07-07 05:19:37,703 - INFO - Отправка лимитного ордера Sell SOLUSDT qty=12.2 price=81.85, timeout=180с
2026-07-07 05:22:38,313 - WARNING - Лимитный ордер Sell SOLUSDT отменён по таймауту
2026-07-07 05:22:38,314 - ERROR - Не удалось открыть позицию SOLUSDT
2026-07-07 05:27:48,508 - INFO - Попытка открыть Sell SOLUSDT лимит по 81.72 (текущая 81.6, qty=12.3)
2026-07-07 05:27:48,508 - INFO - Отправка лимитного ордера Sell SOLUSDT qty=12.3 price=81.72, timeout=180с
2026-07-07 05:30:49,397 - WARNING - Лимитный ордер Sell SOLUSDT отменён по таймауту
2026-07-07 05:30:49,397 - ERROR - Не удалось открыть позицию SOLUSDT
2026-07-07 05:35:59,714 - INFO - Попытка открыть Sell SOLUSDT лимит по 81.55 (текущая 81.43, qty=12.3)
2026-07-07 05:35:59,715 - INFO - Отправка лимитного ордера Sell SOLUSDT qty=12.3 price=81.55, timeout=180с
2026-07-07 05:37:33,602 - INFO - Лимитный ордер Sell SOLUSDT исполнен по 81.55
2026-07-07 05:37:33,602 - INFO - ОТКРЫТИЕ: Sell SOLUSDT qty=12.3 цена=81.55 (лимит)
2026-07-07 05:37:34,088 - INFO - SL/TP установлены: SL=83.05860000000001, TP=80.51611180715136
2026-07-07 05:37:34,088 - INFO - SL/TP: SL=83.05860000000001 TP=80.51611180715136
2026-07-07 05:37:34,089 - INFO - Сделка открыта: Sell SOLUSDT по 81.43, qty=12.3, score=-18.5
2026-07-07 05:53:09,041 - ERROR - Ошибка запроса ETHUSDT (60): HTTPSConnectionPool(host='api.bybit.com', port=443): Max retries exceeded with url: /v5/market/kline?category=linear&symbol=ETHUSDT&interval=60&limit=1 (Caused by NameResolutionError("HTTPSConnection(host='api.bybit.com', port=443): Failed to resolve 'api.bybit.com' ([Errno 11001] getaddrinfo failed)"))
2026-07-07 05:53:31,137 - ERROR - Ошибка запроса BTCUSDT (1440): HTTPSConnectionPool(host='api.bybit.com', port=443): Max retries exceeded with url: /v5/market/kline?category=linear&symbol=BTCUSDT&interval=D&limit=1 (Caused by NameResolutionError("HTTPSConnection(host='api.bybit.com', port=443): Failed to resolve 'api.bybit.com' ([Errno 11001] getaddrinfo failed)"))
2026-07-07 07:01:01,037 - ERROR - Ошибка XRPUSDT (30): Too many visits. Exceeded the API Rate Limit.
2026-07-07 07:01:03,594 - ERROR - Ошибка XRPUSDT (240): Too many visits. Exceeded the API Rate Limit.
2026-07-07 08:03:17,315 - ERROR - Ошибка запроса BTCUSDT (15): HTTPSConnectionPool(host='api.bybit.com', port=443): Max retries exceeded with url: /v5/market/kline?category=linear&symbol=BTCUSDT&interval=15&limit=1 (Caused by NameResolutionError("HTTPSConnection(host='api.bybit.com', port=443): Failed to resolve 'api.bybit.com' ([Errno 11001] getaddrinfo failed)"))
2026-07-07 08:03:28,383 - ERROR - Ошибка запроса ETHUSDT (15): HTTPSConnectionPool(host='api.bybit.com', port=443): Max retries exceeded with url: /v5/market/kline?category=linear&symbol=ETHUSDT&interval=15&limit=1 (Caused by NameResolutionError("HTTPSConnection(host='api.bybit.com', port=443): Failed to resolve 'api.bybit.com' ([Errno 11001] getaddrinfo failed)"))
2026-07-07 08:14:09,609 - INFO - Сделка закрыта: Sell SOLUSDT результат Win (валовая 1.14%, чистая 1.03%, комиссия 1.10 USDT)
2026-07-07 08:14:09,616 - INFO - 📊 Статистика сделок: Всего 1, Win 1 (100.0%), Loss 0
2026-07-07 08:14:09,939 - INFO - Попытка открыть Sell SOLUSDT лимит по 80.66 (текущая 80.54, qty=12.4)
2026-07-07 08:14:09,940 - INFO - Отправка лимитного ордера Sell SOLUSDT qty=12.4 price=80.66, timeout=180с
2026-07-07 08:17:11,332 - WARNING - Лимитный ордер Sell SOLUSDT отменён по таймауту
2026-07-07 08:17:11,332 - ERROR - Не удалось открыть позицию SOLUSDT
2026-07-07 08:22:23,367 - INFO - Попытка открыть Sell SOLUSDT лимит по 80.58 (текущая 80.46, qty=12.4)
2026-07-07 08:22:23,367 - INFO - Отправка лимитного ордера Sell SOLUSDT qty=12.4 price=80.58, timeout=180с
2026-07-07 08:23:37,452 - INFO - Лимитный ордер Sell SOLUSDT исполнен по 80.58
2026-07-07 08:23:37,452 - INFO - ОТКРЫТИЕ: Sell SOLUSDT qty=12.4 цена=80.58 (лимит)
2026-07-07 08:23:38,653 - INFO - SL/TP установлены: SL=82.0998, TP=78.88019999999999
2026-07-07 08:23:38,653 - INFO - SL/TP: SL=82.0998 TP=78.88019999999999
2026-07-07 08:23:38,653 - INFO - Сделка открыта: Sell SOLUSDT по 80.46, qty=12.4, score=-50.5
2026-07-07 08:44:18,458 - ERROR - Ошибка запроса BTCUSDT (15): HTTPSConnectionPool(host='api.bybit.com', port=443): Max retries exceeded with url: /v5/market/kline?category=linear&symbol=BTCUSDT&interval=15&limit=1 (Caused by NameResolutionError("HTTPSConnection(host='api.bybit.com', port=443): Failed to resolve 'api.bybit.com' ([Errno 11001] getaddrinfo failed)"))
2026-07-07 08:44:38,390 - INFO - Попытка открыть Buy XRPUSDT лимит по 1.13 (текущая 1.1276, qty=887.0)
2026-07-07 08:44:38,390 - INFO - Отправка лимитного ордера Buy XRPUSDT qty=887.0 price=1.13, timeout=180с
2026-07-07 08:44:38,950 - INFO - Лимитный ордер Buy XRPUSDT исполнен по 1.13
2026-07-07 08:44:38,950 - INFO - ОТКРЫТИЕ: Buy XRPUSDT qty=887.0 цена=1.13 (лимит)
2026-07-07 08:44:39,268 - INFO - SL/TP установлены: SL=1.105146, TP=1.1357007428364734
2026-07-07 08:44:39,269 - INFO - SL/TP: SL=1.105146 TP=1.1357007428364734
2026-07-07 08:44:39,306 - INFO - Сделка открыта: Buy XRPUSDT по 1.1276, qty=887.0, score=8.5
2026-07-07 09:00:05,402 - ERROR - Ошибка BTCUSDT (1440): Too many visits. Exceeded the API Rate Limit.
2026-07-07 09:00:06,044 - ERROR - Ошибка SOLUSDT (1440): Too many visits. Exceeded the API Rate Limit.
2026-07-07 09:00:07,106 - ERROR - Ошибка ETHUSDT (10080): Too many visits. Exceeded the API Rate Limit.
2026-07-07 09:15:22,118 - INFO - Загрузка истории для всех таймфреймов...
2026-07-07 09:15:33,191 - WARNING - Ошибка запроса BTCUSDT (15), попытка 1/3: HTTPSConnectionPool(host='api.bybit.com', port=443): Max retries exceeded with url: /v5/market/kline?category=linear&symbol=BTCUSDT&interval=15&limit=250 (Caused by NameResolutionError("HTTPSConnection(host='api.bybit.com', port=443): Failed to resolve 'api.bybit.com' ([Errno 11001] getaddrinfo failed)"))
2026-07-07 09:15:38,522 - INFO -   BTCUSDT (15m): загружено 250 свечей
2026-07-07 09:15:38,841 - INFO -   ETHUSDT (15m): загружено 250 свечей
2026-07-07 09:15:39,168 - INFO -   SOLUSDT (15m): загружено 250 свечей
2026-07-07 09:15:39,485 - INFO -   XRPUSDT (15m): загружено 250 свечей
2026-07-07 09:15:39,802 - INFO -   BTCUSDT (30m): загружено 250 свечей
2026-07-07 09:15:40,137 - INFO -   ETHUSDT (30m): загружено 250 свечей
2026-07-07 09:15:40,478 - INFO -   SOLUSDT (30m): загружено 250 свечей
2026-07-07 09:15:40,796 - INFO -   XRPUSDT (30m): загружено 250 свечей
2026-07-07 09:15:41,130 - INFO -   BTCUSDT (1h): загружено 250 свечей
2026-07-07 09:15:41,441 - INFO -   ETHUSDT (1h): загружено 250 свечей
2026-07-07 09:15:41,756 - INFO -   SOLUSDT (1h): загружено 250 свечей
2026-07-07 09:15:42,101 - INFO -   XRPUSDT (1h): загружено 250 свечей
2026-07-07 09:15:42,435 - INFO -   BTCUSDT (4h): загружено 250 свечей
2026-07-07 09:15:42,785 - INFO -   ETHUSDT (4h): загружено 250 свечей
2026-07-07 09:15:43,105 - INFO -   SOLUSDT (4h): загружено 250 свечей
2026-07-07 09:15:43,423 - INFO -   XRPUSDT (4h): загружено 250 свечей
2026-07-07 09:15:43,777 - INFO -   BTCUSDT (1d): загружено 250 свечей
2026-07-07 09:15:44,142 - INFO -   ETHUSDT (1d): загружено 250 свечей
2026-07-07 09:15:44,469 - INFO -   SOLUSDT (1d): загружено 250 свечей
2026-07-07 09:15:44,794 - INFO -   XRPUSDT (1d): загружено 250 свечей
2026-07-07 09:15:45,279 - INFO -   BTCUSDT (1w): загружено 250 свечей
2026-07-07 09:15:45,617 - INFO -   ETHUSDT (1w): загружено 250 свечей
2026-07-07 09:15:45,945 - INFO -   SOLUSDT (1w): загружено 248 свечей
2026-07-07 09:15:46,287 - INFO -   XRPUSDT (1w): загружено 250 свечей
2026-07-07 09:15:46,287 - INFO - Адаптивный трейдер запущен (пересчёт параметров каждые 6 часов).
2026-07-07 09:15:54,570 - INFO - Запуск адаптации параметров...
2026-07-07 09:15:54,571 - INFO - Недостаточно данных для адаптации, пропускаем
